<?xml version="1.0" encoding="UTF-8"?>
<!-- Generated by org.testng.reporters.JUnitReportReporter -->
<testsuite hostname="milind-Latitude-3420" failures="0" tests="2" name="com.Cermati.testRunner.TestNG_TestRunner" time="66.370" errors="0" timestamp="2024-01-31T14:05:33 IST" skipped="0">
  <testcase classname="com.Cermati.testRunner.TestNG_TestRunner" name="runScenario" time="13.701"/>
  <testcase classname="com.Cermati.testRunner.TestNG_TestRunner" name="runScenario" time="52.669"/>
</testsuite> <!-- com.Cermati.testRunner.TestNG_TestRunner -->
