<?xml version="1.0" encoding="UTF-8"?>
<!-- Generated by org.testng.reporters.JUnitReportReporter -->
<testsuite hostname="milind-Latitude-3420" failures="0" tests="2" name="com.Cermati.testRunner.TestNG_TestRunner" time="68.210" errors="0" timestamp="2024-01-12T11:22:44 IST" skipped="0">
  <testcase classname="com.Cermati.testRunner.TestNG_TestRunner" name="runScenario" time="53.619"/>
  <testcase classname="com.Cermati.testRunner.TestNG_TestRunner" name="runScenario" time="14.591"/>
</testsuite> <!-- com.Cermati.testRunner.TestNG_TestRunner -->
